{
  "meta": {
    "cwd": "C:\\Users\\jkver\\Documents\\FLOW-TITANv2.1",
    "python": "3.11.0 (main, Oct 24 2022, 18:26:48) [MSC v.1933 64 bit (AMD64)]",
    "timestamp": 1765084354.0831368
  },
  "results": [
    {
      "name": "import:titan.kernel.kernel",
      "ok": true,
      "path": "c:\\Users\\jkver\\Documents\\FLOW-TITANv2.1\\titan\\kernel\\kernel.py"
    },
    {
      "name": "import:titan.kernel.startup",
      "ok": true,
      "path": "c:\\Users\\jkver\\Documents\\FLOW-TITANv2.1\\titan\\kernel\\startup.py"
    },
    {
      "name": "import:titan.kernel.event_bus",
      "ok": true,
      "path": "c:\\Users\\jkver\\Documents\\FLOW-TITANv2.1\\titan\\kernel\\event_bus.py"
    },
    {
      "name": "import:titan.kernel.lifecycle",
      "ok": true,
      "path": "c:\\Users\\jkver\\Documents\\FLOW-TITANv2.1\\titan\\kernel\\lifecycle.py"
    },
    {
      "name": "import:titan.kernel.app_context",
      "ok": true,
      "path": "c:\\Users\\jkver\\Documents\\FLOW-TITANv2.1\\titan\\kernel\\app_context.py"
    },
    {
      "name": "import:titan.kernel.capability_registry",
      "ok": true,
      "path": "c:\\Users\\jkver\\Documents\\FLOW-TITANv2.1\\titan\\kernel\\capability_registry.py"
    },
    {
      "name": "import:titan.planner.planner",
      "ok": true,
      "path": "c:\\Users\\jkver\\Documents\\FLOW-TITANv2.1\\titan\\planner\\planner.py"
    },
    {
      "name": "import:titan.planner.dsl.ir_dsl",
      "ok": true,
      "path": "c:\\Users\\jkver\\Documents\\FLOW-TITANv2.1\\titan\\planner\\dsl\\ir_dsl.py"
    },
    {
      "name": "import:titan.planner.dsl.ir_compiler",
      "ok": true,
      "path": "c:\\Users\\jkver\\Documents\\FLOW-TITANv2.1\\titan\\planner\\dsl\\ir_compiler.py"
    },
    {
      "name": "import:titan.planner.dsl.ir_validator",
      "ok": true,
      "path": "c:\\Users\\jkver\\Documents\\FLOW-TITANv2.1\\titan\\planner\\dsl\\ir_validator.py"
    },
    {
      "name": "import:titan.parser.adapter",
      "ok": true,
      "path": "c:\\Users\\jkver\\Documents\\FLOW-TITANv2.1\\titan\\parser\\adapter.py"
    },
    {
      "name": "import:titan.parser.heuristic_parser",
      "ok": true,
      "path": "c:\\Users\\jkver\\Documents\\FLOW-TITANv2.1\\titan\\parser\\heuristic_parser.py"
    },
    {
      "name": "import:titan.parser.llm_dsl_generator",
      "ok": true,
      "path": "c:\\Users\\jkver\\Documents\\FLOW-TITANv2.1\\titan\\parser\\llm_dsl_generator.py"
    },
    {
      "name": "import:titan.executor.orchestrator",
      "ok": true,
      "path": "c:\\Users\\jkver\\Documents\\FLOW-TITANv2.1\\titan\\executor\\orchestrator.py"
    },
    {
      "name": "import:titan.executor.scheduler",
      "ok": true,
      "path": "c:\\Users\\jkver\\Documents\\FLOW-TITANv2.1\\titan\\executor\\scheduler.py"
    },
    {
      "name": "import:titan.executor.condition_evaluator",
      "ok": true,
      "path": "c:\\Users\\jkver\\Documents\\FLOW-TITANv2.1\\titan\\executor\\condition_evaluator.py"
    },
    {
      "name": "import:titan.executor.retry_engine",
      "ok": true,
      "path": "c:\\Users\\jkver\\Documents\\FLOW-TITANv2.1\\titan\\executor\\retry_engine.py"
    },
    {
      "name": "import:titan.executor.loop_engine",
      "ok": true,
      "path": "c:\\Users\\jkver\\Documents\\FLOW-TITANv2.1\\titan\\executor\\loop_engine.py"
    },
    {
      "name": "import:titan.executor.state_tracker",
      "ok": true,
      "path": "c:\\Users\\jkver\\Documents\\FLOW-TITANv2.1\\titan\\executor\\state_tracker.py"
    },
    {
      "name": "import:titan.memory.embeddings",
      "ok": true,
      "path": "c:\\Users\\jkver\\Documents\\FLOW-TITANv2.1\\titan\\memory\\embeddings.py"
    },
    {
      "name": "import:titan.memory.persistent_annoy_store",
      "ok": true,
      "path": "c:\\Users\\jkver\\Documents\\FLOW-TITANv2.1\\titan\\memory\\persistent_annoy_store.py"
    },
    {
      "name": "import:titan.memory.episodic_store",
      "ok": true,
      "path": "c:\\Users\\jkver\\Documents\\FLOW-TITANv2.1\\titan\\memory\\episodic_store.py"
    },
    {
      "name": "import:titan.memory.vector_store",
      "ok": true,
      "path": "c:\\Users\\jkver\\Documents\\FLOW-TITANv2.1\\titan\\memory\\vector_store.py"
    },
    {
      "name": "import:titan.runtime.session_manager",
      "ok": true,
      "path": "c:\\Users\\jkver\\Documents\\FLOW-TITANv2.1\\titan\\runtime\\session_manager.py"
    },
    {
      "name": "import:titan.augmentation.negotiator",
      "ok": true,
      "path": "c:\\Users\\jkver\\Documents\\FLOW-TITANv2.1\\titan\\augmentation\\negotiator.py"
    },
    {
      "name": "import:titan.augmentation.sandbox.sandbox_runner",
      "ok": true,
      "path": "c:\\Users\\jkver\\Documents\\FLOW-TITANv2.1\\titan\\augmentation\\sandbox\\sandbox_runner.py"
    },
    {
      "name": "import:titan.augmentation.hostbridge.hostbridge_service",
      "ok": true,
      "path": "c:\\Users\\jkver\\Documents\\FLOW-TITANv2.1\\titan\\augmentation\\hostbridge\\hostbridge_service.py"
    },
    {
      "name": "import:titan.augmentation.provenance",
      "ok": true,
      "path": "c:\\Users\\jkver\\Documents\\FLOW-TITANv2.1\\titan\\augmentation\\provenance.py"
    },
    {
      "name": "import:titan.policy.engine",
      "ok": true,
      "path": "c:\\Users\\jkver\\Documents\\FLOW-TITANv2.1\\titan\\policy\\engine.py"
    },
    {
      "name": "import:titan.schemas.graph",
      "ok": true,
      "path": "c:\\Users\\jkver\\Documents\\FLOW-TITANv2.1\\titan\\schemas\\graph.py"
    },
    {
      "name": "import:titan.schemas.plan",
      "ok": true,
      "path": "c:\\Users\\jkver\\Documents\\FLOW-TITANv2.1\\titan\\schemas\\plan.py"
    },
    {
      "name": "import:titan.executor.action",
      "ok": false,
      "exception": {
        "type": "ModuleNotFoundError",
        "message": "No module named 'titan.executor.action'"
      },
      "traceback": "Traceback (most recent call last):\n  File \"c:\\Users\\jkver\\Documents\\FLOW-TITANv2.1\\test.py\", line 73, in safe_import\n    mod = importlib.import_module(module_name)\n          ^^^^^^^^^^^^^^^^^^^^^^^^^^^^^^^^^^^^\n  File \"C:\\Program Files\\Python311\\Lib\\importlib\\__init__.py\", line 126, in import_module\n    return _bootstrap._gcd_import(name[level:], package, level)\n           ^^^^^^^^^^^^^^^^^^^^^^^^^^^^^^^^^^^^^^^^^^^^^^^^^^^^\n  File \"<frozen importlib._bootstrap>\", line 1206, in _gcd_import\n  File \"<frozen importlib._bootstrap>\", line 1178, in _find_and_load\n  File \"<frozen importlib._bootstrap>\", line 1142, in _find_and_load_unlocked\nModuleNotFoundError: No module named 'titan.executor.action'\n",
      "hint": "Module 'titan.executor.action' failed to import.\nCheck folder structure and __init__.py presence."
    },
    {
      "name": "EventBus sync publish/subscribe",
      "ok": true,
      "detail": "received 2 handlers"
    },
    {
      "name": "EventBus async publish/subscribe",
      "ok": true,
      "detail": "received 2 handlers async"
    },
    {
      "name": "DSL parser present",
      "ok": true,
      "detail": "PARSER or parse_dsl found"
    },
    {
      "name": "parse_snippet: task(download=\"yes\")",
      "ok": false,
      "exception": {
        "type": "UnexpectedToken",
        "message": "Unexpected token Token('$END', '') at line 1, column 20.\nExpected one of: \n\t* LESSTHAN\n\t* NEWLINE\n\t* MORETHAN\n\t* __ANON_2\n\t* __ANON_3\n\t* __ANON_1\n\t* AND\n\t* OR\n\t* __ANON_0\n\t* IN\n"
      },
      "traceback": "Traceback (most recent call last):\n  File \"C:\\Users\\jkver\\AppData\\Roaming\\Python\\Python311\\site-packages\\lark\\parsers\\lalr_parser_state.py\", line 77, in feed_token\n    action, arg = states[state][token.type]\n                  ~~~~~~~~~~~~~^^^^^^^^^^^^\nKeyError: '$END'\n\nDuring handling of the above exception, another exception occurred:\n\nTraceback (most recent call last):\n  File \"c:\\Users\\jkver\\Documents\\FLOW-TITANv2.1\\test.py\", line 254, in <module>\n    ast = parse_fn(s)\n          ^^^^^^^^^^^\n  File \"c:\\Users\\jkver\\Documents\\FLOW-TITANv2.1\\titan\\planner\\dsl\\ir_dsl.py\", line 409, in parse_dsl\n    tree = PARSER.parse(src)\n           ^^^^^^^^^^^^^^^^^\n  File \"C:\\Users\\jkver\\AppData\\Roaming\\Python\\Python311\\site-packages\\lark\\lark.py\", line 677, in parse\n    return self.parser.parse(text, start=start, on_error=on_error)\n           ^^^^^^^^^^^^^^^^^^^^^^^^^^^^^^^^^^^^^^^^^^^^^^^^^^^^^^^\n  File \"C:\\Users\\jkver\\AppData\\Roaming\\Python\\Python311\\site-packages\\lark\\parser_frontends.py\", line 131, in parse\n    return self.parser.parse(stream, chosen_start, **kw)\n           ^^^^^^^^^^^^^^^^^^^^^^^^^^^^^^^^^^^^^^^^^^^^^\n  File \"C:\\Users\\jkver\\AppData\\Roaming\\Python\\Python311\\site-packages\\lark\\parsers\\lalr_parser.py\", line 42, in parse\n    return self.parser.parse(lexer, start)\n           ^^^^^^^^^^^^^^^^^^^^^^^^^^^^^^^\n  File \"C:\\Users\\jkver\\AppData\\Roaming\\Python\\Python311\\site-packages\\lark\\parsers\\lalr_parser.py\", line 88, in parse\n    return self.parse_from_state(parser_state)\n           ^^^^^^^^^^^^^^^^^^^^^^^^^^^^^^^^^^^\n  File \"C:\\Users\\jkver\\AppData\\Roaming\\Python\\Python311\\site-packages\\lark\\parsers\\lalr_parser.py\", line 111, in parse_from_state\n    raise e\n  File \"C:\\Users\\jkver\\AppData\\Roaming\\Python\\Python311\\site-packages\\lark\\parsers\\lalr_parser.py\", line 105, in parse_from_state\n    return state.feed_token(end_token, True)\n           ^^^^^^^^^^^^^^^^^^^^^^^^^^^^^^^^^\n  File \"C:\\Users\\jkver\\AppData\\Roaming\\Python\\Python311\\site-packages\\lark\\parsers\\lalr_parser_state.py\", line 80, in feed_token\n    raise UnexpectedToken(token, expected, state=self, interactive_parser=None)\nlark.exceptions.UnexpectedToken: Unexpected token Token('$END', '') at line 1, column 20.\nExpected one of: \n\t* LESSTHAN\n\t* NEWLINE\n\t* MORETHAN\n\t* __ANON_2\n\t* __ANON_3\n\t* __ANON_1\n\t* AND\n\t* OR\n\t* __ANON_0\n\t* IN\n\n",
      "hint": "DSL parse failed. Check grammar.lark for tokens around error column. If the error mentions parenthesis or NEWLINE, ensure grammar tokens (LPAR/RPAR/NEWLINE) and Indenter mapping are correct."
    },
    {
      "name": "parse_snippet: x = 5",
      "ok": true,
      "detail": "AST root type: ASTRoot"
    },
    {
      "name": "parse_snippet: task(download url=\"https://example.com\")",
      "ok": false,
      "exception": {
        "type": "UnexpectedToken",
        "message": "Unexpected token Token('NAME', 'url') at line 1, column 15.\nExpected one of: \n\t* EQUAL\n\t* RPAR\n\t* COMMA\nPrevious tokens: [Token('NAME', 'download')]\n"
      },
      "traceback": "Traceback (most recent call last):\n  File \"C:\\Users\\jkver\\AppData\\Roaming\\Python\\Python311\\site-packages\\lark\\lexer.py\", line 689, in lex\n    yield lexer.next_token(lexer_state, parser_state)\n          ^^^^^^^^^^^^^^^^^^^^^^^^^^^^^^^^^^^^^^^^^^^\n  File \"C:\\Users\\jkver\\AppData\\Roaming\\Python\\Python311\\site-packages\\lark\\lexer.py\", line 622, in next_token\n    raise UnexpectedCharacters(lex_state.text.text, line_ctr.char_pos, line_ctr.line, line_ctr.column,\nlark.exceptions.UnexpectedCharacters: No terminal matches 'u' in the current parser context, at line 1 col 15\n\ntask(download url=\"https://example.com\")\n              ^\nExpected one of: \n\t* EQUAL\n\t* NEWLINE\n\t* COMMA\n\t* RPAR\n\nPrevious tokens: Token('NAME', 'download')\n\n\nDuring handling of the above exception, another exception occurred:\n\nTraceback (most recent call last):\n  File \"c:\\Users\\jkver\\Documents\\FLOW-TITANv2.1\\test.py\", line 254, in <module>\n    ast = parse_fn(s)\n          ^^^^^^^^^^^\n  File \"c:\\Users\\jkver\\Documents\\FLOW-TITANv2.1\\titan\\planner\\dsl\\ir_dsl.py\", line 409, in parse_dsl\n    tree = PARSER.parse(src)\n           ^^^^^^^^^^^^^^^^^\n  File \"C:\\Users\\jkver\\AppData\\Roaming\\Python\\Python311\\site-packages\\lark\\lark.py\", line 677, in parse\n    return self.parser.parse(text, start=start, on_error=on_error)\n           ^^^^^^^^^^^^^^^^^^^^^^^^^^^^^^^^^^^^^^^^^^^^^^^^^^^^^^^\n  File \"C:\\Users\\jkver\\AppData\\Roaming\\Python\\Python311\\site-packages\\lark\\parser_frontends.py\", line 131, in parse\n    return self.parser.parse(stream, chosen_start, **kw)\n           ^^^^^^^^^^^^^^^^^^^^^^^^^^^^^^^^^^^^^^^^^^^^^\n  File \"C:\\Users\\jkver\\AppData\\Roaming\\Python\\Python311\\site-packages\\lark\\parsers\\lalr_parser.py\", line 42, in parse\n    return self.parser.parse(lexer, start)\n           ^^^^^^^^^^^^^^^^^^^^^^^^^^^^^^^\n  File \"C:\\Users\\jkver\\AppData\\Roaming\\Python\\Python311\\site-packages\\lark\\parsers\\lalr_parser.py\", line 88, in parse\n    return self.parse_from_state(parser_state)\n           ^^^^^^^^^^^^^^^^^^^^^^^^^^^^^^^^^^^\n  File \"C:\\Users\\jkver\\AppData\\Roaming\\Python\\Python311\\site-packages\\lark\\parsers\\lalr_parser.py\", line 111, in parse_from_state\n    raise e\n  File \"C:\\Users\\jkver\\AppData\\Roaming\\Python\\Python311\\site-packages\\lark\\parsers\\lalr_parser.py\", line 100, in parse_from_state\n    for token in state.lexer.lex(state):\n  File \"C:\\Users\\jkver\\AppData\\Roaming\\Python\\Python311\\site-packages\\lark\\indenter.py\", line 59, in _process\n    for token in stream:\n  File \"C:\\Users\\jkver\\AppData\\Roaming\\Python\\Python311\\site-packages\\lark\\lexer.py\", line 698, in lex\n    raise UnexpectedToken(token, e.allowed, state=parser_state, token_history=[last_token], terminals_by_name=self.root_lexer.terminals_by_name)\nlark.exceptions.UnexpectedToken: Unexpected token Token('NAME', 'url') at line 1, column 15.\nExpected one of: \n\t* EQUAL\n\t* RPAR\n\t* COMMA\nPrevious tokens: [Token('NAME', 'download')]\n\n",
      "hint": "DSL parse failed. Check grammar.lark for tokens around error column. If the error mentions parenthesis or NEWLINE, ensure grammar tokens (LPAR/RPAR/NEWLINE) and Indenter mapping are correct."
    },
    {
      "name": "parse_snippet: if x == 1:\n    task(foo=\"bar\")",
      "ok": false,
      "exception": {
        "type": "UnexpectedToken",
        "message": "Unexpected token Token('NAME', 'task') at line 2, column 5.\nExpected one of: \n\t* INDENT\nPrevious tokens: [Token('NEWLINE', '\\n')]\n"
      },
      "traceback": "Traceback (most recent call last):\n  File \"C:\\Users\\jkver\\AppData\\Roaming\\Python\\Python311\\site-packages\\lark\\lexer.py\", line 689, in lex\n    yield lexer.next_token(lexer_state, parser_state)\n          ^^^^^^^^^^^^^^^^^^^^^^^^^^^^^^^^^^^^^^^^^^^\n  File \"C:\\Users\\jkver\\AppData\\Roaming\\Python\\Python311\\site-packages\\lark\\lexer.py\", line 622, in next_token\n    raise UnexpectedCharacters(lex_state.text.text, line_ctr.char_pos, line_ctr.line, line_ctr.column,\nlark.exceptions.UnexpectedCharacters: No terminal matches 't' in the current parser context, at line 2 col 5\n\n    task(foo=\"bar\")\n    ^\nExpected one of: \n\t* NEWLINE\n\nPrevious tokens: Token('NEWLINE', '\\n')\n\n\nDuring handling of the above exception, another exception occurred:\n\nTraceback (most recent call last):\n  File \"c:\\Users\\jkver\\Documents\\FLOW-TITANv2.1\\test.py\", line 254, in <module>\n    ast = parse_fn(s)\n          ^^^^^^^^^^^\n  File \"c:\\Users\\jkver\\Documents\\FLOW-TITANv2.1\\titan\\planner\\dsl\\ir_dsl.py\", line 409, in parse_dsl\n    tree = PARSER.parse(src)\n           ^^^^^^^^^^^^^^^^^\n  File \"C:\\Users\\jkver\\AppData\\Roaming\\Python\\Python311\\site-packages\\lark\\lark.py\", line 677, in parse\n    return self.parser.parse(text, start=start, on_error=on_error)\n           ^^^^^^^^^^^^^^^^^^^^^^^^^^^^^^^^^^^^^^^^^^^^^^^^^^^^^^^\n  File \"C:\\Users\\jkver\\AppData\\Roaming\\Python\\Python311\\site-packages\\lark\\parser_frontends.py\", line 131, in parse\n    return self.parser.parse(stream, chosen_start, **kw)\n           ^^^^^^^^^^^^^^^^^^^^^^^^^^^^^^^^^^^^^^^^^^^^^\n  File \"C:\\Users\\jkver\\AppData\\Roaming\\Python\\Python311\\site-packages\\lark\\parsers\\lalr_parser.py\", line 42, in parse\n    return self.parser.parse(lexer, start)\n           ^^^^^^^^^^^^^^^^^^^^^^^^^^^^^^^\n  File \"C:\\Users\\jkver\\AppData\\Roaming\\Python\\Python311\\site-packages\\lark\\parsers\\lalr_parser.py\", line 88, in parse\n    return self.parse_from_state(parser_state)\n           ^^^^^^^^^^^^^^^^^^^^^^^^^^^^^^^^^^^\n  File \"C:\\Users\\jkver\\AppData\\Roaming\\Python\\Python311\\site-packages\\lark\\parsers\\lalr_parser.py\", line 111, in parse_from_state\n    raise e\n  File \"C:\\Users\\jkver\\AppData\\Roaming\\Python\\Python311\\site-packages\\lark\\parsers\\lalr_parser.py\", line 100, in parse_from_state\n    for token in state.lexer.lex(state):\n  File \"C:\\Users\\jkver\\AppData\\Roaming\\Python\\Python311\\site-packages\\lark\\indenter.py\", line 59, in _process\n    for token in stream:\n  File \"C:\\Users\\jkver\\AppData\\Roaming\\Python\\Python311\\site-packages\\lark\\lexer.py\", line 698, in lex\n    raise UnexpectedToken(token, e.allowed, state=parser_state, token_history=[last_token], terminals_by_name=self.root_lexer.terminals_by_name)\nlark.exceptions.UnexpectedToken: Unexpected token Token('NAME', 'task') at line 2, column 5.\nExpected one of: \n\t* INDENT\nPrevious tokens: [Token('NEWLINE', '\\n')]\n\n",
      "hint": "DSL parse failed. Check grammar.lark for tokens around error column. If the error mentions parenthesis or NEWLINE, ensure grammar tokens (LPAR/RPAR/NEWLINE) and Indenter mapping are correct."
    },
    {
      "name": "Transformer.transform",
      "ok": true,
      "detail": "produced AST type ASTRoot"
    },
    {
      "name": "Embedder methods",
      "ok": true,
      "detail": "embed_text: True, embed_texts/batch: True"
    },
    {
      "name": "PersistentAnnoyStore inst+methods",
      "ok": true,
      "detail": "instantiated with {'vector_dim': 4} and has methods"
    },
    {
      "name": "SessionManager init",
      "ok": false,
      "exception": {
        "type": "TypeError",
        "message": "SessionManager.__init__() got an unexpected keyword argument 'autosave_context_dir'"
      },
      "traceback": "Traceback (most recent call last):\n  File \"c:\\Users\\jkver\\Documents\\FLOW-TITANv2.1\\test.py\", line 391, in <module>\n    sm = SM(default_ttl_seconds=60, autosave_context_dir=\"data/sessions_test\")\n         ^^^^^^^^^^^^^^^^^^^^^^^^^^^^^^^^^^^^^^^^^^^^^^^^^^^^^^^^^^^^^^^^^^^^^\nTypeError: SessionManager.__init__() got an unexpected keyword argument 'autosave_context_dir'\n",
      "hint": "Constructor signature mismatch or missing dependencies"
    },
    {
      "name": "Orchestrator API",
      "ok": false,
      "exception": {
        "type": "Exception",
        "message": "Missing lifecycle methods"
      },
      "traceback": [
        "  File \"c:\\Users\\jkver\\Documents\\FLOW-TITANv2.1\\test.py\", line 444, in <module>\n    mark_fail(\"Orchestrator API\", Exception(\"Missing lifecycle methods\"), traceback.format_stack(),\n"
      ],
      "hint": "Expected methods ['submit', 'shutdown', 'start'], available: ['event_emitter', 'execute_plan', 'max_workers', 'runner']"
    },
    {
      "name": "SandboxRunner instantiate & API",
      "ok": true,
      "detail": "run/execute present"
    },
    {
      "name": "HostBridge instantiate & API",
      "ok": true,
      "detail": "hostbridge methods found"
    },
    {
      "name": "PolicyEngine.check()",
      "ok": true,
      "detail": "Returned allow=False reason=no rule allowed this action"
    },
    {
      "name": "Negotiator decision",
      "ok": true,
      "detail": "<NegotiationDecision provider=sandbox reason=Highest scoring provider>"
    },
    {
      "name": "Provenance basic flow",
      "ok": true,
      "detail": "Nodes: 2"
    },
    {
      "name": "CapabilityRegistry presence",
      "ok": true,
      "detail": "Detected ops: ['register', 'get']"
    },
    {
      "name": "Scheduler runtime",
      "ok": false,
      "exception": {
        "type": "TypeError",
        "message": "Scheduler.__init__() missing 6 required positional arguments: 'cfg', 'worker_pool', 'state_tracker', 'condition_evaluator', 'loop_engine', and 'retry_engine'"
      },
      "traceback": "Traceback (most recent call last):\n  File \"c:\\Users\\jkver\\Documents\\FLOW-TITANv2.1\\test.py\", line 662, in <module>\n    s = Scheduler()\n        ^^^^^^^^^^^\nTypeError: Scheduler.__init__() missing 6 required positional arguments: 'cfg', 'worker_pool', 'state_tracker', 'condition_evaluator', 'loop_engine', and 'retry_engine'\n",
      "hint": "Scheduler constructor signature mismatch"
    },
    {
      "name": "RetryEngine instantiate",
      "ok": true,
      "detail": "RetryEngine created"
    },
    {
      "name": "Kernel instantiate",
      "ok": false,
      "exception": {
        "type": "ServiceNotRegistered",
        "message": "\"AppContext: service 'llm_client' not registered\""
      },
      "traceback": "Traceback (most recent call last):\n  File \"c:\\Users\\jkver\\Documents\\FLOW-TITANv2.1\\test.py\", line 705, in <module>\n    kern = Kernel(**kw) if kw else Kernel()\n           ^^^^^^^^^^^^\n  File \"c:\\Users\\jkver\\Documents\\FLOW-TITANv2.1\\titan\\kernel\\kernel.py\", line 18, in __init__\n    perform_kernel_startup(self.app, cfg=cfg or {})\n  File \"c:\\Users\\jkver\\Documents\\FLOW-TITANv2.1\\titan\\kernel\\startup.py\", line 71, in perform_kernel_startup\n    llm_client = app.get(\"llm_client\", None) if hasattr(app, \"get\") else None\n                 ^^^^^^^^^^^^^^^^^^^^^^^^^^^\n  File \"c:\\Users\\jkver\\Documents\\FLOW-TITANv2.1\\titan\\kernel\\app_context.py\", line 72, in get\n    raise ServiceNotRegistered(f\"AppContext: service '{name}' not registered\")\ntitan.kernel.app_context.ServiceNotRegistered: \"AppContext: service 'llm_client' not registered\"\n",
      "hint": "Kernel startup likely requires missing services: llm_client etc. Try passing a minimal fake 'app' if constructor supports it."
    }
  ]
}